[debug] [2022-11-28T17:10:55.424Z] ----------------------------------------------------------------------
[debug] [2022-11-28T17:10:55.428Z] Command:       C:\Program Files\nodejs\node.exe C:\Users\aktuh\AppData\Roaming\npm\node_modules\firebase-tools\lib\bin\firebase.js deploy
[debug] [2022-11-28T17:10:55.429Z] CLI Version:   11.15.0
[debug] [2022-11-28T17:10:55.430Z] Platform:      win32
[debug] [2022-11-28T17:10:55.430Z] Node Version:  v16.14.2
[debug] [2022-11-28T17:10:55.432Z] Time:          Mon Nov 28 2022 23:10:55 GMT+0600 (Bangladesh Standard Time)
[debug] [2022-11-28T17:10:55.432Z] ----------------------------------------------------------------------
[debug] 
[debug] [2022-11-28T17:10:55.627Z] > command requires scopes: ["email","openid","https://www.googleapis.com/auth/cloudplatformprojects.readonly","https://www.googleapis.com/auth/firebase","https://www.googleapis.com/auth/cloud-platform"]
[debug] [2022-11-28T17:10:55.628Z] > authorizing via signed-in user (afsertanveer0168@gmail.com)
[debug] [2022-11-28T17:10:55.628Z] [iam] checking project beche-fel for permissions ["firebase.projects.get","firebasehosting.sites.update"]
[debug] [2022-11-28T17:10:55.633Z] >>> [apiv2][query] POST https://cloudresourcemanager.googleapis.com/v1/projects/beche-fel:testIamPermissions [none]
[debug] [2022-11-28T17:10:55.634Z] >>> [apiv2][(partial)header] POST https://cloudresourcemanager.googleapis.com/v1/projects/beche-fel:testIamPermissions x-goog-quota-user=projects/beche-fel
[debug] [2022-11-28T17:10:55.635Z] >>> [apiv2][body] POST https://cloudresourcemanager.googleapis.com/v1/projects/beche-fel:testIamPermissions {"permissions":["firebase.projects.get","firebasehosting.sites.update"]}
[debug] [2022-11-28T17:10:58.866Z] <<< [apiv2][status] POST https://cloudresourcemanager.googleapis.com/v1/projects/beche-fel:testIamPermissions 200
[debug] [2022-11-28T17:10:58.866Z] <<< [apiv2][body] POST https://cloudresourcemanager.googleapis.com/v1/projects/beche-fel:testIamPermissions {"permissions":["firebase.projects.get","firebasehosting.sites.update"]}
[debug] [2022-11-28T17:10:58.868Z] >>> [apiv2][query] GET https://firebase.googleapis.com/v1beta1/projects/beche-fel [none]
[debug] [2022-11-28T17:10:59.725Z] <<< [apiv2][status] GET https://firebase.googleapis.com/v1beta1/projects/beche-fel 200
[debug] [2022-11-28T17:10:59.726Z] <<< [apiv2][body] GET https://firebase.googleapis.com/v1beta1/projects/beche-fel {"projectId":"beche-fel","projectNumber":"383863054259","displayName":"beche-fel","name":"projects/beche-fel","resources":{"hostingSite":"beche-fel"},"state":"ACTIVE","etag":"1_b87dfe58-4213-43b9-8bc9-3555ee4a31dd"}
[info] 
[info] === Deploying to 'beche-fel'...
[info] 
[info] i  deploying hosting 
[debug] [2022-11-28T17:10:59.732Z] >>> [apiv2][query] POST https://firebasehosting.googleapis.com/v1beta1/projects/-/sites/beche-fel/versions [none]
[debug] [2022-11-28T17:10:59.733Z] >>> [apiv2][body] POST https://firebasehosting.googleapis.com/v1beta1/projects/-/sites/beche-fel/versions {"status":"CREATED","labels":{"deployment-tool":"cli-firebase"}}
[debug] [2022-11-28T17:11:02.996Z] <<< [apiv2][status] POST https://firebasehosting.googleapis.com/v1beta1/projects/-/sites/beche-fel/versions 200
[debug] [2022-11-28T17:11:02.996Z] <<< [apiv2][body] POST https://firebasehosting.googleapis.com/v1beta1/projects/-/sites/beche-fel/versions {"name":"projects/383863054259/sites/beche-fel/versions/a063d0038f30428e","status":"CREATED","config":{},"labels":{"deployment-tool":"cli-firebase"}}
[info] i  hosting[beche-fel]: beginning deploy... 
[info] i  hosting[beche-fel]: found 1 files in build 
[debug] [2022-11-28T17:11:03.010Z] [hosting] uploading with 200 concurrency
[debug] [2022-11-28T17:11:03.011Z] [hosting] hash cache [YnVpbGQ] not populated
[debug] [2022-11-28T17:11:03.028Z] [hosting] hash cache [YnVpbGQ] stored for 1 files
[debug] [2022-11-28T17:11:03.029Z] [hosting][hash queue][FINAL] {"max":12,"min":12,"avg":12,"active":0,"complete":1,"success":1,"errored":0,"retried":0,"total":1,"elapsed":15}
[debug] [2022-11-28T17:11:03.029Z] >>> [apiv2][query] POST https://firebasehosting.googleapis.com/v1beta1/projects/383863054259/sites/beche-fel/versions/a063d0038f30428e:populateFiles [none]
[debug] [2022-11-28T17:11:03.030Z] >>> [apiv2][body] POST https://firebasehosting.googleapis.com/v1beta1/projects/383863054259/sites/beche-fel/versions/a063d0038f30428e:populateFiles {"files":{"/index.html":"c03ca608c87aaec0bab0aedd0e3f606cfc7efc11056378394c3d7170ded2ff00"}}
[debug] [2022-11-28T17:11:04.497Z] <<< [apiv2][status] POST https://firebasehosting.googleapis.com/v1beta1/projects/383863054259/sites/beche-fel/versions/a063d0038f30428e:populateFiles 200
[debug] [2022-11-28T17:11:04.498Z] <<< [apiv2][body] POST https://firebasehosting.googleapis.com/v1beta1/projects/383863054259/sites/beche-fel/versions/a063d0038f30428e:populateFiles {"uploadRequiredHashes":["c03ca608c87aaec0bab0aedd0e3f606cfc7efc11056378394c3d7170ded2ff00"],"uploadUrl":"https://upload-firebasehosting.googleapis.com/upload/sites/beche-fel/versions/a063d0038f30428e/files"}
[debug] [2022-11-28T17:11:04.499Z] >>> [apiv2][query] POST https://upload-firebasehosting.googleapis.com/upload/sites/beche-fel/versions/a063d0038f30428e/files/c03ca608c87aaec0bab0aedd0e3f606cfc7efc11056378394c3d7170ded2ff00 [none]
[debug] [2022-11-28T17:11:04.499Z] >>> [apiv2][body] POST https://upload-firebasehosting.googleapis.com/upload/sites/beche-fel/versions/a063d0038f30428e/files/c03ca608c87aaec0bab0aedd0e3f606cfc7efc11056378394c3d7170ded2ff00 [stream]
[debug] [2022-11-28T17:11:04.501Z] [hosting][populate queue][FINAL] {"max":1473,"min":1473,"avg":1473,"active":0,"complete":1,"success":1,"errored":0,"retried":0,"total":1,"elapsed":1475}
[debug] [2022-11-28T17:11:04.502Z] [hosting] uploads queued: 1
[debug] [2022-11-28T17:11:06.011Z] <<< [apiv2][status] POST https://upload-firebasehosting.googleapis.com/upload/sites/beche-fel/versions/a063d0038f30428e/files/c03ca608c87aaec0bab0aedd0e3f606cfc7efc11056378394c3d7170ded2ff00 200
[debug] [2022-11-28T17:11:06.011Z] <<< [apiv2][body] POST https://upload-firebasehosting.googleapis.com/upload/sites/beche-fel/versions/a063d0038f30428e/files/c03ca608c87aaec0bab0aedd0e3f606cfc7efc11056378394c3d7170ded2ff00 [stream]
[debug] [2022-11-28T17:11:06.011Z] [hosting][upload queue][FINAL] {"max":1513,"min":1513,"avg":1513,"active":0,"complete":1,"success":1,"errored":0,"retried":0,"total":1,"elapsed":1513}
[info] +  hosting[beche-fel]: file upload complete 
[debug] [2022-11-28T17:11:06.013Z] [hosting] deploy completed after 3013ms
[debug] [2022-11-28T17:11:06.018Z] [
  {
    "config": {
      "public": "build",
      "ignore": [
        "firebase.json",
        "**/.*",
        "**/node_modules/**"
      ],
      "rewrites": [
        {
          "source": "**",
          "destination": "/index.html"
        }
      ],
      "site": "beche-fel"
    },
    "version": "projects/383863054259/sites/beche-fel/versions/a063d0038f30428e"
  }
]
[info] i  hosting[beche-fel]: finalizing version... 
[debug] [2022-11-28T17:11:06.023Z] >>> [apiv2][query] PATCH https://firebasehosting.googleapis.com/v1beta1/projects/-/sites/beche-fel/versions/a063d0038f30428e updateMask=status%2Cconfig
[debug] [2022-11-28T17:11:06.023Z] >>> [apiv2][body] PATCH https://firebasehosting.googleapis.com/v1beta1/projects/-/sites/beche-fel/versions/a063d0038f30428e {"status":"FINALIZED","config":{"rewrites":[{"glob":"**","path":"/index.html"}]}}
[debug] [2022-11-28T17:11:09.506Z] <<< [apiv2][status] PATCH https://firebasehosting.googleapis.com/v1beta1/projects/-/sites/beche-fel/versions/a063d0038f30428e 200
[debug] [2022-11-28T17:11:09.506Z] <<< [apiv2][body] PATCH https://firebasehosting.googleapis.com/v1beta1/projects/-/sites/beche-fel/versions/a063d0038f30428e {"name":"projects/383863054259/sites/beche-fel/versions/a063d0038f30428e","status":"FINALIZED","config":{"rewrites":[{"glob":"**","path":"/index.html"}]},"labels":{"deployment-tool":"cli-firebase"},"createTime":"2022-11-28T17:11:02.176774Z","createUser":{"email":"afsertanveer0168@gmail.com"},"finalizeTime":"2022-11-28T17:11:09.549058Z","finalizeUser":{"email":"afsertanveer0168@gmail.com"}}
[debug] [2022-11-28T17:11:09.506Z] [hosting] finalized version for beche-fel:[object Object]
[info] +  hosting[beche-fel]: version finalized 
[info] i  hosting[beche-fel]: releasing new version... 
[debug] [2022-11-28T17:11:09.508Z] >>> [apiv2][query] POST https://firebasehosting.googleapis.com/v1beta1/projects/-/sites/beche-fel/channels/live/releases versionName=projects%2F383863054259%2Fsites%2Fbeche-fel%2Fversions%2Fa063d0038f30428e
[debug] [2022-11-28T17:11:09.508Z] >>> [apiv2][body] POST https://firebasehosting.googleapis.com/v1beta1/projects/-/sites/beche-fel/channels/live/releases {}
[debug] [2022-11-28T17:11:12.106Z] <<< [apiv2][status] POST https://firebasehosting.googleapis.com/v1beta1/projects/-/sites/beche-fel/channels/live/releases 200
[debug] [2022-11-28T17:11:12.107Z] <<< [apiv2][body] POST https://firebasehosting.googleapis.com/v1beta1/projects/-/sites/beche-fel/channels/live/releases {"name":"projects/383863054259/sites/beche-fel/channels/live/releases/1669655471324620","version":{"name":"projects/383863054259/sites/beche-fel/versions/a063d0038f30428e","status":"FINALIZED","config":{"rewrites":[{"glob":"**","path":"/index.html"}]},"labels":{"deployment-tool":"cli-firebase"},"createTime":"2022-11-28T17:11:02.176774Z","createUser":{"email":"afsertanveer0168@gmail.com","imageUrl":"https://lh3.googleusercontent.com/a/ALm5wu2ogx5GdvWU81JN4ztOXgWHXeSxwFTNVZpgd3ac"},"finalizeTime":"2022-11-28T17:11:09.549058Z","finalizeUser":{"email":"afsertanveer0168@gmail.com","imageUrl":"https://lh3.googleusercontent.com/a/ALm5wu2ogx5GdvWU81JN4ztOXgWHXeSxwFTNVZpgd3ac"}},"type":"DEPLOY","releaseTime":"2022-11-28T17:11:11.324620377Z","releaseUser":{"email":"afsertanveer0168@gmail.com","imageUrl":"https://lh3.googleusercontent.com/a/ALm5wu2ogx5GdvWU81JN4ztOXgWHXeSxwFTNVZpgd3ac"}}
[debug] [2022-11-28T17:11:12.107Z] [hosting] release: {"name":"projects/383863054259/sites/beche-fel/channels/live/releases/1669655471324620","version":{"name":"projects/383863054259/sites/beche-fel/versions/a063d0038f30428e","status":"FINALIZED","config":{"rewrites":[{"glob":"**","path":"/index.html"}]},"labels":{"deployment-tool":"cli-firebase"},"createTime":"2022-11-28T17:11:02.176774Z","createUser":{"email":"afsertanveer0168@gmail.com","imageUrl":"https://lh3.googleusercontent.com/a/ALm5wu2ogx5GdvWU81JN4ztOXgWHXeSxwFTNVZpgd3ac"},"finalizeTime":"2022-11-28T17:11:09.549058Z","finalizeUser":{"email":"afsertanveer0168@gmail.com","imageUrl":"https://lh3.googleusercontent.com/a/ALm5wu2ogx5GdvWU81JN4ztOXgWHXeSxwFTNVZpgd3ac"}},"type":"DEPLOY","releaseTime":"2022-11-28T17:11:11.324620377Z","releaseUser":{"email":"afsertanveer0168@gmail.com","imageUrl":"https://lh3.googleusercontent.com/a/ALm5wu2ogx5GdvWU81JN4ztOXgWHXeSxwFTNVZpgd3ac"}}
[info] +  hosting[beche-fel]: release complete 
[info] 
[info] +  Deploy complete! 
[info] 
[info] Project Console: https://console.firebase.google.com/project/beche-fel/overview
[info] Hosting URL: https://beche-fel.web.app
[debug] [2022-11-28T17:11:23.861Z] Error: Timed out.
    at Timeout._onTimeout (C:\Users\aktuh\AppData\Roaming\npm\node_modules\firebase-tools\lib\utils.js:253:49)
    at listOnTimeout (node:internal/timers:559:17)
    at processTimers (node:internal/timers:502:7)
[error] 
[error] Error: An unexpected error has occurred.
